2026/04/09 23:06:25 Загружено 2 подписчиков
2026/04/09 23:06:27 Запуск анализа рынка (60 Stoch RSI)...
2026/04/09 23:06:30 0GUSDT RSI(60,14)=43.26 Stoch RSI(14,3,3) raw=54.43 K=67.39 D=68.40
2026/04/09 23:06:30 1000000BABYDOGEUSDT RSI(60,14)=44.55 Stoch RSI(14,3,3) raw=89.73 K=92.78 D=85.24
2026/04/09 23:06:31 1000000CHEEMSUSDT RSI(60,14)=49.42 Stoch RSI(14,3,3) raw=93.72 K=95.16 D=97.47
2026/04/09 23:06:31 1000000MOGUSDT RSI(60,14)=37.52 Stoch RSI(14,3,3) raw=88.66 K=48.00 D=30.13
2026/04/09 23:06:32 10000QUBICUSDT RSI(60,14)=50.47 Stoch RSI(14,3,3) raw=100.00 K=92.92 D=59.58
2026/04/09 23:06:32 10000SATSUSDT RSI(60,14)=41.13 Stoch RSI(14,3,3) raw=55.22 K=47.31 D=53.63
2026/04/09 23:06:32 1000BONKPERP RSI(60,14)=46.65 Stoch RSI(14,3,3) raw=100.00 K=93.44 D=88.51
2026/04/09 23:06:33 1000BONKUSDT RSI(60,14)=44.37 Stoch RSI(14,3,3) raw=97.93 K=91.64 D=88.17
2026/04/09 23:06:33 1000BTTUSDT RSI(60,14)=49.48 Stoch RSI(14,3,3) raw=0.00 K=4.60 D=22.36
2026/04/09 23:06:34 1000CATUSDT RSI(60,14)=47.98 Stoch RSI(14,3,3) raw=56.94 K=62.98 D=71.01
2026/04/09 23:06:36 1000FLOKIUSDT RSI(60,14)=51.79 Stoch RSI(14,3,3) raw=76.73 K=76.90 D=79.43
2026/04/09 23:06:36 1000LUNCUSDT RSI(60,14)=45.61 Stoch RSI(14,3,3) raw=69.73 K=67.35 D=67.52
2026/04/09 23:06:37 1000NEIROCTOPERP RSI(60,14)=48.08 Stoch RSI(14,3,3) raw=60.37 K=55.39 D=62.29
2026/04/09 23:06:37 1000NEIROCTOUSDT RSI(60,14)=47.31 Stoch RSI(14,3,3) raw=67.40 K=64.70 D=70.95
2026/04/09 23:06:38 1000PEPEPERP RSI(60,14)=38.54 Stoch RSI(14,3,3) raw=92.43 K=62.57 D=46.59
2026/04/09 23:06:38 1000PEPEUSDT RSI(60,14)=38.76 Stoch RSI(14,3,3) raw=79.53 K=61.15 D=46.06
2026/04/09 23:06:39 1000RATSUSDT RSI(60,14)=48.42 Stoch RSI(14,3,3) raw=100.00 K=94.10 D=78.67
2026/04/09 23:06:39 1000TAGUSDT RSI(60,14)=50.40 Stoch RSI(14,3,3) raw=49.44 K=49.83 D=57.46
2026/04/09 23:06:40 1000TOSHIUSDT RSI(60,14)=41.33 Stoch RSI(14,3,3) raw=56.13 K=63.38 D=64.99
2026/04/09 23:06:40 1000TURBOUSDT RSI(60,14)=46.76 Stoch RSI(14,3,3) raw=42.11 K=57.19 D=70.60
2026/04/09 23:06:41 1000XECUSDT RSI(60,14)=45.82 Stoch RSI(14,3,3) raw=64.04 K=52.27 D=53.13
2026/04/09 23:06:41 1INCHUSDT RSI(60,14)=47.06 Stoch RSI(14,3,3) raw=56.31 K=65.64 D=70.20
2026/04/09 23:06:42 2ZUSDT RSI(60,14)=25.81 Stoch RSI(14,3,3) raw=20.59 K=23.57 D=23.72
2026/04/09 23:06:42 4USDT RSI(60,14)=47.91 Stoch RSI(14,3,3) raw=46.56 K=21.99 D=9.99
2026/04/09 23:06:43 AAVEPERP RSI(60,14)=35.16 Stoch RSI(14,3,3) raw=39.72 K=26.56 D=19.95
2026/04/09 23:06:43 AAVEUSDT RSI(60,14)=35.17 Stoch RSI(14,3,3) raw=58.89 K=59.60 D=50.48
2026/04/09 23:06:44 ACEUSDT RSI(60,14)=50.15 Stoch RSI(14,3,3) raw=36.38 K=39.37 D=48.50
2026/04/09 23:06:44 ACHUSDT RSI(60,14)=43.19 Stoch RSI(14,3,3) raw=46.89 K=42.91 D=53.70
2026/04/09 23:06:45 ACTUSDT RSI(60,14)=73.03 Stoch RSI(14,3,3) raw=100.00 K=100.00 D=100.00
2026/04/09 23:06:46 ACUUSDT RSI(60,14)=57.70 Stoch RSI(14,3,3) raw=10.32 K=20.24 D=27.11
2026/04/09 23:06:46 ACXUSDT RSI(60,14)=43.66 Stoch RSI(14,3,3) raw=3.47 K=1.16 D=4.74
2026/04/09 23:06:47 ADAUSDT RSI(60,14)=46.24 Stoch RSI(14,3,3) raw=85.61 K=82.98 D=81.84
2026/04/09 23:06:47 AERGOUSDT RSI(60,14)=47.43 Stoch RSI(14,3,3) raw=76.02 K=79.17 D=82.03
2026/04/09 23:06:48 AEROUSDT RSI(60,14)=65.87 Stoch RSI(14,3,3) raw=74.65 K=81.05 D=83.11
2026/04/09 23:06:48 AEVOPERP RSI(60,14)=47.97 Stoch RSI(14,3,3) raw=77.51 K=74.64 D=73.22
2026/04/09 23:06:50 AEVOUSDT RSI(60,14)=43.36 Stoch RSI(14,3,3) raw=34.64 K=28.31 D=45.45
2026/04/09 23:06:50 AGIUSDT RSI(60,14)=60.47 Stoch RSI(14,3,3) raw=68.45 K=59.26 D=59.38
2026/04/09 23:06:52 AGLDUSDT RSI(60,14)=58.64 Stoch RSI(14,3,3) raw=93.46 K=83.78 D=85.76
2026/04/09 23:06:52 AIOUSDT RSI(60,14)=52.99 Stoch RSI(14,3,3) raw=83.47 K=69.87 D=65.96
2026/04/09 23:06:53 AIOZUSDT RSI(60,14)=51.81 Stoch RSI(14,3,3) raw=78.30 K=84.49 D=82.49
2026/04/09 23:06:53 AIXBTUSDT RSI(60,14)=58.40 Stoch RSI(14,3,3) raw=50.69 K=48.42 D=51.73
2026/04/09 23:06:54 AKEUSDT RSI(60,14)=66.30 Stoch RSI(14,3,3) raw=78.22 K=76.74 D=83.98
2026/04/09 23:06:54 AKTUSDT RSI(60,14)=50.38 Stoch RSI(14,3,3) raw=47.10 K=55.35 D=68.67
2026/04/09 23:06:55 ALCHUSDT RSI(60,14)=45.62 Stoch RSI(14,3,3) raw=85.84 K=84.98 D=74.22
2026/04/09 23:06:55 ALGOUSDT RSI(60,14)=40.40 Stoch RSI(14,3,3) raw=86.09 K=83.80 D=67.91
2026/04/09 23:06:56 ALICEUSDT RSI(60,14)=48.90 Stoch RSI(14,3,3) raw=58.91 K=65.14 D=67.18
2026/04/09 23:06:57 ALLOUSDT RSI(60,14)=43.15 Stoch RSI(14,3,3) raw=4.09 K=1.36 D=3.46
2026/04/09 23:06:58 ALPINEUSDT RSI(60,14)=53.90 Stoch RSI(14,3,3) raw=78.54 K=74.98 D=77.31
2026/04/09 23:06:58 ALTUSDT RSI(60,14)=53.66 Stoch RSI(14,3,3) raw=46.85 K=48.13 D=50.65
2026/04/09 23:06:59 ANIMEUSDT RSI(60,14)=49.89 Stoch RSI(14,3,3) raw=82.82 K=80.87 D=85.92
2026/04/09 23:07:01 ANKRUSDT RSI(60,14)=49.27 Stoch RSI(14,3,3) raw=57.48 K=65.13 D=61.60
2026/04/09 23:07:01 APEUSDT RSI(60,14)=53.84 Stoch RSI(14,3,3) raw=89.53 K=96.51 D=92.51
2026/04/09 23:07:02 APEXUSDT RSI(60,14)=41.17 Stoch RSI(14,3,3) raw=5.30 K=3.01 D=1.54
2026/04/09 23:07:02 API3USDT RSI(60,14)=44.19 Stoch RSI(14,3,3) raw=54.78 K=62.82 D=73.92
2026/04/09 23:07:03 APRUSDT RSI(60,14)=32.20 Stoch RSI(14,3,3) raw=41.49 K=39.71 D=34.41
2026/04/09 23:07:03 APTUSDT RSI(60,14)=41.55 Stoch RSI(14,3,3) raw=90.56 K=88.52 D=86.26
2026/04/09 23:07:04 ARBPERP RSI(60,14)=49.83 Stoch RSI(14,3,3) raw=21.64 K=11.41 D=10.33
2026/04/09 23:07:04 ARBUSDT RSI(60,14)=48.12 Stoch RSI(14,3,3) raw=0.00 K=4.47 D=6.37
2026/04/09 23:07:04 ARCUSDT RSI(60,14)=81.02 Stoch RSI(14,3,3) raw=94.08 K=98.03 D=99.25
2026/04/09 23:07:06 ARIAUSDT RSI(60,14)=25.34 Stoch RSI(14,3,3) raw=14.58 K=12.88 D=7.99
2026/04/09 23:07:06 ARKMUSDT RSI(60,14)=51.15 Stoch RSI(14,3,3) raw=71.98 K=84.00 D=91.48
2026/04/09 23:07:07 ARKUSDT RSI(60,14)=48.17 Stoch RSI(14,3,3) raw=33.54 K=39.03 D=54.71
2026/04/09 23:07:08 ARPAUSDT RSI(60,14)=50.33 Stoch RSI(14,3,3) raw=33.87 K=28.17 D=23.97
2026/04/09 23:07:09 ARUSDT RSI(60,14)=42.83 Stoch RSI(14,3,3) raw=51.90 K=51.99 D=66.49
2026/04/09 23:07:09 ASPUSDT RSI(60,14)=43.45 Stoch RSI(14,3,3) raw=9.51 K=12.51 D=26.86
2026/04/09 23:07:10 ASRUSDT RSI(60,14)=49.91 Stoch RSI(14,3,3) raw=39.73 K=45.80 D=53.74
